<?xml version="1.0" encoding="UTF-8"?>
<testsuite xmlns:xsi="http://www.w3.org/2001/XMLSchema-instance" xsi:noNamespaceSchemaLocation="https://maven.apache.org/surefire/maven-surefire-plugin/xsd/surefire-test-report-3.0.xsd" version="3.0" name="TriangleTest" time="0.028" tests="3" errors="0" skipped="0" failures="1">
  <properties>
[...]
</properties>
  <testcase name="zeroTringleTest" classname="TriangleTest" time="0.011"/>
  <testcase name="simpleTringleTest" classname="TriangleTest" time="0.001"/>
  <testcase name="notTringleTest" classname="TriangleTest" time="0.007">
    <failure type="org.opentest4j.AssertionFailedError"><![CDATA[org.opentest4j.AssertionFailedError: expected: <-1.0> but was: <NaN>
	at TriangleTest.notTringleTest(TriangleTest.java:24)
]]></failure>
  </testcase>
</testsuite>