-------------------------------------------------------------------------------
Test set: TriangleTest
-------------------------------------------------------------------------------
Tests run: 3, Failures: 1, Errors: 0, Skipped: 0, Time elapsed: 0.028 s <<< FAILURE! - in TriangleTest
TriangleTest.notTringleTest  Time elapsed: 0.007 s  <<< FAILURE!
org.opentest4j.AssertionFailedError: expected: <-1.0> but was: <NaN>
	at TriangleTest.notTringleTest(TriangleTest.java:24)

